<component name="libraryTable">
  <library name="junit-4.10.jar">
    <CLASSES>
      <root url="jar://$USER_HOME$/Downloads/junit-4.10.jar.zip!/" />
    </CLASSES>
    <JAVADOC />
    <SOURCES />
  </library>
</component>